<?xml version="1.0" encoding="UTF-8"?>
<testsuite xmlns:xsi="http://www.w3.org/2001/XMLSchema-instance" xsi:noNamespaceSchemaLocation="https://maven.apache.org/surefire/maven-surefire-plugin/xsd/surefire-test-report.xsd" name="br.unicamp.ic.inf335.app.AnuncianteBeanTest" time="0" tests="6" errors="0" skipped="0" failures="0">
  <properties>
[...]
</properties>
  <testcase name="testAddAnuncios" classname="br.unicamp.ic.inf335.app.AnuncianteBeanTest" time="0"/>
  <testcase name="testCPF" classname="br.unicamp.ic.inf335.app.AnuncianteBeanTest" time="0"/>
  <testcase name="testNome" classname="br.unicamp.ic.inf335.app.AnuncianteBeanTest" time="0"/>
  <testcase name="testAnuncios" classname="br.unicamp.ic.inf335.app.AnuncianteBeanTest" time="0"/>
  <testcase name="testRemoveAnuncios" classname="br.unicamp.ic.inf335.app.AnuncianteBeanTest" time="0"/>
  <testcase name="testMediaAnuncios" classname="br.unicamp.ic.inf335.app.AnuncianteBeanTest" time="0"/>
</testsuite>